"D:\Application\CLion 2019.1.2\bin\cmake\win\bin\cmake.exe" -DCMAKE_BUILD_TYPE=Debug -G "CodeBlocks - MinGW Makefiles" D:\C语言练习\untitled
-- The C compiler identification is GNU 7.2.0
-- Check for working C compiler: C:/Users/AmorCoin/Documents/Tencent Files/619813095/FileRecv/x86_64-7.2.0-posix-seh-rt_v5-rev0/mingw64/bin/gcc.exe
-- Check for working C compiler: C:/Users/AmorCoin/Documents/Tencent Files/619813095/FileRecv/x86_64-7.2.0-posix-seh-rt_v5-rev0/mingw64/bin/gcc.exe -- broken
CMake Error at D:/Application/CLion 2019.1.2/bin/cmake/win/share/cmake-3.14/Modules/CMakeTestCCompiler.cmake:60 (message):
  The C compiler

    "C:/Users/AmorCoin/Documents/Tencent Files/619813095/FileRecv/x86_64-7.2.0-posix-seh-rt_v5-rev0/mingw64/bin/gcc.exe"

  is not able to compile a simple test program.

  It fails with the following output:

    Change Dir: D:/C璇█缁冧範/untitled/cmake-build-debug/CMakeFiles/CMakeTmp
    
    Run Build Command(s):C:/Users/AmorCoin/DOCUME~1/TENCEN~1/619813~1/FileRecv/X86_64~1.0-P/mingw64/bin/mingw32-make.exe cmTC_361d1/fast 
    C:/Users/AmorCoin/DOCUME~1/TENCEN~1/619813~1/FileRecv/X86_64~1.0-P/mingw64/bin/mingw32-make.exe -f CMakeFiles\cmTC_361d1.dir\build.make CMakeFiles/cmTC_361d1.dir/build
    mingw32-make.exe[1]: Entering directory 'D:/C璇█缁冧範/untitled/cmake-build-debug/CMakeFiles/CMakeTmp'
    Building C object CMakeFiles/cmTC_361d1.dir/testCCompiler.c.obj
    C:\Users\AmorCoin\DOCUME~1\TENCEN~1\619813~1\FileRecv\X86_64~1.0-P\mingw64\bin\gcc.exe    -o CMakeFiles\cmTC_361d1.dir\testCCompiler.c.obj   -c D:\C鐠囶叀鈻堢紒鍐х瘎\untitled\cmake-build-debug\CMakeFiles\CMakeTmp\testCCompiler.c
    gcc.exe: error: D:\C鐠囶叀鈻堢紒鍐х瘎\untitled\cmake-build-debug\CMakeFiles\CMakeTmp\testCCompiler.c: No such file or directory
    gcc.exe: fatal error: no input files
    compilation terminated.
    mingw32-make.exe[1]: *** [CMakeFiles\cmTC_361d1.dir\build.make:65: CMakeFiles/cmTC_361d1.dir/testCCompiler.c.obj] Error 1
    mingw32-make.exe[1]: Leaving directory 'D:/C璇█缁冧範/untitled/cmake-build-debug/CMakeFiles/CMakeTmp'
    mingw32-make.exe: *** [Makefile:120: cmTC_361d1/fast] Error 2
    

  

  CMake will not be able to correctly generate this project.
Call Stack (most recent call first):
  CMakeLists.txt:2 (project)


-- Configuring incomplete, errors occurred!
See also "D:/C璇█缁冧範/untitled/cmake-build-debug/CMakeFiles/CMakeOutput.log".
See also "D:/C璇█缁冧範/untitled/cmake-build-debug/CMakeFiles/CMakeError.log".
